<?xml version="1.0" encoding="UTF-8" ?>

<testsuite failures="0" time="0.25" errors="0" skipped="0" tests="5" name="BasicTest">
  <testcase classname="BasicTest" name="createAndRetrieveUser" time="0.015">
      </testcase>
  <testcase classname="BasicTest" name="tryConnectAsUser" time="0.016">
      </testcase>
  <testcase classname="BasicTest" name="createPost" time="0.156">
      </testcase>
  <testcase classname="BasicTest" name="useTheCommentsRelation" time="0.047">
      </testcase>
  <testcase classname="BasicTest" name="postComments" time="0.016">
      </testcase>
</testsuite>
